2024-04-10T20:24:45.693+06:00  INFO 39332 --- [rockpaperscissorWebSocket] [restartedMain] e.r.RockpaperscissorWebSocketApplication : Starting RockpaperscissorWebSocketApplication using Java 17.0.7 with PID 39332 (/home/jacob/Desktop/HackatonProject/rockpaperscissorWebSocket/target/classes started by jacob in /home/jacob/Desktop/HackatonProject/rockpaperscissorWebSocket)
2024-04-10T20:24:45.700+06:00  INFO 39332 --- [rockpaperscissorWebSocket] [restartedMain] e.r.RockpaperscissorWebSocketApplication : No active profile set, falling back to 1 default profile: "default"
2024-04-10T20:24:45.953+06:00  INFO 39332 --- [rockpaperscissorWebSocket] [restartedMain] .e.DevToolsPropertyDefaultsPostProcessor : Devtools property defaults active! Set 'spring.devtools.add-properties' to 'false' to disable
2024-04-10T20:24:45.954+06:00  INFO 39332 --- [rockpaperscissorWebSocket] [restartedMain] .e.DevToolsPropertyDefaultsPostProcessor : For additional web related logging consider setting the 'logging.level.web' property to 'DEBUG'
2024-04-10T20:24:47.571+06:00  INFO 39332 --- [rockpaperscissorWebSocket] [restartedMain] o.s.b.w.embedded.tomcat.TomcatWebServer  : Tomcat initialized with port 8080 (http)
2024-04-10T20:24:47.580+06:00  INFO 39332 --- [rockpaperscissorWebSocket] [restartedMain] o.apache.catalina.core.StandardService   : Starting service [Tomcat]
2024-04-10T20:24:47.581+06:00  INFO 39332 --- [rockpaperscissorWebSocket] [restartedMain] o.apache.catalina.core.StandardEngine    : Starting Servlet engine: [Apache Tomcat/10.1.19]
2024-04-10T20:24:47.616+06:00  INFO 39332 --- [rockpaperscissorWebSocket] [restartedMain] o.a.c.c.C.[Tomcat].[localhost].[/]       : Initializing Spring embedded WebApplicationContext
2024-04-10T20:24:47.617+06:00  INFO 39332 --- [rockpaperscissorWebSocket] [restartedMain] w.s.c.ServletWebServerApplicationContext : Root WebApplicationContext: initialization completed in 1663 ms
2024-04-10T20:24:48.025+06:00  INFO 39332 --- [rockpaperscissorWebSocket] [restartedMain] o.s.b.a.w.s.WelcomePageHandlerMapping    : Adding welcome page: class path resource [static/index.html]
2024-04-10T20:24:48.182+06:00  INFO 39332 --- [rockpaperscissorWebSocket] [restartedMain] o.s.b.d.a.OptionalLiveReloadServer       : LiveReload server is running on port 35729
2024-04-10T20:24:48.229+06:00  INFO 39332 --- [rockpaperscissorWebSocket] [restartedMain] o.s.b.w.embedded.tomcat.TomcatWebServer  : Tomcat started on port 8080 (http) with context path ''
2024-04-10T20:24:48.232+06:00  INFO 39332 --- [rockpaperscissorWebSocket] [restartedMain] o.s.m.s.b.SimpleBrokerMessageHandler     : Starting...
2024-04-10T20:24:48.233+06:00  INFO 39332 --- [rockpaperscissorWebSocket] [restartedMain] o.s.m.s.b.SimpleBrokerMessageHandler     : BrokerAvailabilityEvent[available=true, SimpleBrokerMessageHandler [org.springframework.messaging.simp.broker.DefaultSubscriptionRegistry@38811d09]]
2024-04-10T20:24:48.234+06:00  INFO 39332 --- [rockpaperscissorWebSocket] [restartedMain] o.s.m.s.b.SimpleBrokerMessageHandler     : Started.
2024-04-10T20:24:48.256+06:00  INFO 39332 --- [rockpaperscissorWebSocket] [restartedMain] e.r.RockpaperscissorWebSocketApplication : Started RockpaperscissorWebSocketApplication in 3.475 seconds (process running for 8.029)
2024-04-10T20:25:48.212+06:00  INFO 39332 --- [rockpaperscissorWebSocket] [MessageBroker-4] o.s.w.s.c.WebSocketMessageBrokerStats    : WebSocketSession[0 current WS(0)-HttpStream(0)-HttpPoll(0), 0 total, 0 closed abnormally (0 connect failure, 0 send limit, 0 transport error)], stompSubProtocol[processed CONNECT(0)-CONNECTED(0)-DISCONNECT(0)], stompBrokerRelay[null], inboundChannel[pool size = 0, active threads = 0, queued tasks = 0, completed tasks = 0], outboundChannel[pool size = 0, active threads = 0, queued tasks = 0, completed tasks = 0], sockJsScheduler[pool size = 4, active threads = 1, queued tasks = 2, completed tasks = 90]
2024-04-10T20:26:03.426+06:00  INFO 39332 --- [rockpaperscissorWebSocket] [SpringApplicationShutdownHook] o.s.m.s.b.SimpleBrokerMessageHandler     : Stopping...
2024-04-10T20:26:03.427+06:00  INFO 39332 --- [rockpaperscissorWebSocket] [SpringApplicationShutdownHook] o.s.m.s.b.SimpleBrokerMessageHandler     : BrokerAvailabilityEvent[available=false, SimpleBrokerMessageHandler [org.springframework.messaging.simp.broker.DefaultSubscriptionRegistry@38811d09]]
2024-04-10T20:26:03.428+06:00  INFO 39332 --- [rockpaperscissorWebSocket] [SpringApplicationShutdownHook] o.s.m.s.b.SimpleBrokerMessageHandler     : Stopped.
